<?xml version="1.0" encoding="UTF-8"?>
<testsuite xmlns:xsi="http://www.w3.org/2001/XMLSchema-instance" xsi:noNamespaceSchemaLocation="https://maven.apache.org/surefire/maven-surefire-plugin/xsd/surefire-test-report-3.0.xsd" version="3.0" name="io.joshuasalcedo.logging.handler.DatabaseHandlerTest" time="0.891" tests="6" errors="0" skipped="0" failures="0">
  <properties>
    <property name="java.specification.version" value="24"/>
    <property name="sun.cpu.isalist" value="amd64"/>
    <property name="sun.jnu.encoding" value="Cp1252"/>
    <property name="java.class.path" value="C:\Users\JoshuaSalcedo\IdeaProjects\joshuasalcedo-parent\joshuasalcedo-library-parent\logger\target\test-classes;C:\Users\JoshuaSalcedo\IdeaProjects\joshuasalcedo-parent\joshuasalcedo-library-parent\logger\target\classes;C:\Users\JoshuaSalcedo\.m2\repository\org\jline\jline\3.30.4\jline-3.30.4.jar;C:\Users\JoshuaSalcedo\.m2\repository\org\freemarker\freemarker\2.3.32\freemarker-2.3.32.jar;C:\Users\JoshuaSalcedo\.m2\repository\com\h2database\h2\2.3.232\h2-2.3.232.jar;C:\Users\JoshuaSalcedo\.m2\repository\org\slf4j\slf4j-api\2.0.11\slf4j-api-2.0.11.jar;C:\Users\JoshuaSalcedo\.m2\repository\org\junit\jupiter\junit-jupiter\5.10.1\junit-jupiter-5.10.1.jar;C:\Users\JoshuaSalcedo\.m2\repository\org\junit\jupiter\junit-jupiter-api\5.10.1\junit-jupiter-api-5.10.1.jar;C:\Users\JoshuaSalcedo\.m2\repository\org\opentest4j\opentest4j\1.3.0\opentest4j-1.3.0.jar;C:\Users\JoshuaSalcedo\.m2\repository\org\junit\platform\junit-platform-commons\1.10.1\junit-platform-commons-1.10.1.jar;C:\Users\JoshuaSalcedo\.m2\repository\org\apiguardian\apiguardian-api\1.1.2\apiguardian-api-1.1.2.jar;C:\Users\JoshuaSalcedo\.m2\repository\org\junit\jupiter\junit-jupiter-params\5.10.1\junit-jupiter-params-5.10.1.jar;C:\Users\JoshuaSalcedo\.m2\repository\org\junit\jupiter\junit-jupiter-engine\5.10.1\junit-jupiter-engine-5.10.1.jar;C:\Users\JoshuaSalcedo\.m2\repository\org\junit\platform\junit-platform-engine\1.10.1\junit-platform-engine-1.10.1.jar;C:\Users\JoshuaSalcedo\.m2\repository\org\mockito\mockito-junit-jupiter\5.10.0\mockito-junit-jupiter-5.10.0.jar;C:\Users\JoshuaSalcedo\.m2\repository\org\mockito\mockito-core\5.10.0\mockito-core-5.10.0.jar;C:\Users\JoshuaSalcedo\.m2\repository\net\bytebuddy\byte-buddy\1.14.11\byte-buddy-1.14.11.jar;C:\Users\JoshuaSalcedo\.m2\repository\net\bytebuddy\byte-buddy-agent\1.14.11\byte-buddy-agent-1.14.11.jar;C:\Users\JoshuaSalcedo\.m2\repository\org\objenesis\objenesis\3.3\objenesis-3.3.jar;C:\Users\JoshuaSalcedo\.m2\repository\org\apache\maven\maven-model\3.9.6\maven-model-3.9.6.jar;C:\Users\JoshuaSalcedo\.m2\repository\org\codehaus\plexus\plexus-utils\3.5.1\plexus-utils-3.5.1.jar;C:\Users\JoshuaSalcedo\.m2\repository\org\projectlombok\lombok\1.18.30\lombok-1.18.30.jar;"/>
    <property name="java.vm.vendor" value="Oracle Corporation"/>
    <property name="sun.arch.data.model" value="64"/>
    <property name="user.variant" value=""/>
    <property name="java.vendor.url" value="https://java.oracle.com/"/>
    <property name="user.timezone" value="Asia/Manila"/>
    <property name="os.name" value="Windows 11"/>
    <property name="java.vm.specification.version" value="24"/>
    <property name="sun.java.launcher" value="SUN_STANDARD"/>
    <property name="user.country" value="PH"/>
    <property name="sun.boot.library.path" value="C:\Users\JoshuaSalcedo\.sdkman\candidates\java\current\bin"/>
    <property name="sun.java.command" value="C:\Users\JoshuaSalcedo\AppData\Local\Temp\surefire10988254800001815232\surefirebooter-20250611061439964_3.jar C:\Users\JoshuaSalcedo\AppData\Local\Temp\surefire10988254800001815232 2025-06-11T06-14-39_852-jvmRun1 surefire-20250611061439964_1tmp surefire_0-20250611061439964_2tmp"/>
    <property name="jdk.debug" value="release"/>
    <property name="surefire.test.class.path" value="C:\Users\JoshuaSalcedo\IdeaProjects\joshuasalcedo-parent\joshuasalcedo-library-parent\logger\target\test-classes;C:\Users\JoshuaSalcedo\IdeaProjects\joshuasalcedo-parent\joshuasalcedo-library-parent\logger\target\classes;C:\Users\JoshuaSalcedo\.m2\repository\org\jline\jline\3.30.4\jline-3.30.4.jar;C:\Users\JoshuaSalcedo\.m2\repository\org\freemarker\freemarker\2.3.32\freemarker-2.3.32.jar;C:\Users\JoshuaSalcedo\.m2\repository\com\h2database\h2\2.3.232\h2-2.3.232.jar;C:\Users\JoshuaSalcedo\.m2\repository\org\slf4j\slf4j-api\2.0.11\slf4j-api-2.0.11.jar;C:\Users\JoshuaSalcedo\.m2\repository\org\junit\jupiter\junit-jupiter\5.10.1\junit-jupiter-5.10.1.jar;C:\Users\JoshuaSalcedo\.m2\repository\org\junit\jupiter\junit-jupiter-api\5.10.1\junit-jupiter-api-5.10.1.jar;C:\Users\JoshuaSalcedo\.m2\repository\org\opentest4j\opentest4j\1.3.0\opentest4j-1.3.0.jar;C:\Users\JoshuaSalcedo\.m2\repository\org\junit\platform\junit-platform-commons\1.10.1\junit-platform-commons-1.10.1.jar;C:\Users\JoshuaSalcedo\.m2\repository\org\apiguardian\apiguardian-api\1.1.2\apiguardian-api-1.1.2.jar;C:\Users\JoshuaSalcedo\.m2\repository\org\junit\jupiter\junit-jupiter-params\5.10.1\junit-jupiter-params-5.10.1.jar;C:\Users\JoshuaSalcedo\.m2\repository\org\junit\jupiter\junit-jupiter-engine\5.10.1\junit-jupiter-engine-5.10.1.jar;C:\Users\JoshuaSalcedo\.m2\repository\org\junit\platform\junit-platform-engine\1.10.1\junit-platform-engine-1.10.1.jar;C:\Users\JoshuaSalcedo\.m2\repository\org\mockito\mockito-junit-jupiter\5.10.0\mockito-junit-jupiter-5.10.0.jar;C:\Users\JoshuaSalcedo\.m2\repository\org\mockito\mockito-core\5.10.0\mockito-core-5.10.0.jar;C:\Users\JoshuaSalcedo\.m2\repository\net\bytebuddy\byte-buddy\1.14.11\byte-buddy-1.14.11.jar;C:\Users\JoshuaSalcedo\.m2\repository\net\bytebuddy\byte-buddy-agent\1.14.11\byte-buddy-agent-1.14.11.jar;C:\Users\JoshuaSalcedo\.m2\repository\org\objenesis\objenesis\3.3\objenesis-3.3.jar;C:\Users\JoshuaSalcedo\.m2\repository\org\apache\maven\maven-model\3.9.6\maven-model-3.9.6.jar;C:\Users\JoshuaSalcedo\.m2\repository\org\codehaus\plexus\plexus-utils\3.5.1\plexus-utils-3.5.1.jar;C:\Users\JoshuaSalcedo\.m2\repository\org\projectlombok\lombok\1.18.30\lombok-1.18.30.jar;"/>
    <property name="sun.cpu.endian" value="little"/>
    <property name="user.home" value="C:\Users\JoshuaSalcedo"/>
    <property name="user.language" value="en"/>
    <property name="java.specification.vendor" value="Oracle Corporation"/>
    <property name="java.version.date" value="2025-04-15"/>
    <property name="java.home" value="C:\Users\JoshuaSalcedo\.sdkman\candidates\java\current"/>
    <property name="file.separator" value="\"/>
    <property name="basedir" value="C:\Users\JoshuaSalcedo\IdeaProjects\joshuasalcedo-parent\joshuasalcedo-library-parent\logger"/>
    <property name="java.vm.compressedOopsMode" value="Zero based"/>
    <property name="jdk.internal.vm.ci.enabled" value="true"/>
    <property name="line.separator" value="&#10;"/>
    <property name="java.vm.specification.vendor" value="Oracle Corporation"/>
    <property name="java.specification.name" value="Java Platform API Specification"/>
    <property name="surefire.real.class.path" value="C:\Users\JoshuaSalcedo\AppData\Local\Temp\surefire10988254800001815232\surefirebooter-20250611061439964_3.jar"/>
    <property name="user.script" value=""/>
    <property name="sun.management.compiler" value="HotSpot 64-Bit Tiered Compilers"/>
    <property name="java.runtime.version" value="24.0.1+9-jvmci-b01"/>
    <property name="user.name" value="JoshuaSalcedo"/>
    <property name="stdout.encoding" value="Cp1252"/>
    <property name="path.separator" value=";"/>
    <property name="os.version" value="10.0"/>
    <property name="java.runtime.name" value="Java(TM) SE Runtime Environment"/>
    <property name="file.encoding" value="UTF-8"/>
    <property name="java.vm.name" value="Java HotSpot(TM) 64-Bit Server VM"/>
    <property name="java.vendor.version" value="Oracle GraalVM 24.0.1+9.1"/>
    <property name="localRepository" value="C:\Users\JoshuaSalcedo\.m2\repository"/>
    <property name="java.vendor.url.bug" value="https://bugreport.java.com/bugreport/"/>
    <property name="java.io.tmpdir" value="C:\Users\JOSHUA~1\AppData\Local\Temp\"/>
    <property name="java.version" value="24.0.1"/>
    <property name="user.dir" value="C:\Users\JoshuaSalcedo\IdeaProjects\joshuasalcedo-parent\joshuasalcedo-library-parent\logger"/>
    <property name="os.arch" value="amd64"/>
    <property name="java.vm.specification.name" value="Java Virtual Machine Specification"/>
    <property name="sun.os.patch.level" value=""/>
    <property name="native.encoding" value="Cp1252"/>
    <property name="java.library.path" value="C:\Users\JoshuaSalcedo\.sdkman\candidates\java\current\bin;C:\WINDOWS\Sun\Java\bin;C:\WINDOWS\system32;C:\WINDOWS;C:\WINDOWS\system32;C:\WINDOWS;C:\WINDOWS\System32\Wbem;C:\WINDOWS\System32\WindowsPowerShell\v1.0\;C:\WINDOWS\System32\OpenSSH\;C:\Program Files\PuTTY\;C:\Program Files\PowerShell\7-preview\preview;C:\Program Files\Microsoft SQL Server\150\Tools\Binn\;C:\Program Files\Microsoft SQL Server\Client SDK\ODBC\170\Tools\Binn\;C:\Program Files\dotnet\;C:\Program Files (x86)\Windows Kits\10\Windows Performance Toolkit\;C:\Program Files\Git\cmd;%NVM_HOME%;%NVM_SYMLINK%;C:\Program Files\GitHub CLI\;C:\Program Files\Docker\Docker\resources\bin;C:\Users\JoshuaSalcedo\AppData\Local\Programs\Python\Python313\Scripts\;C:\Users\JoshuaSalcedo\AppData\Local\Programs\Python\Python313\;C:\Program Files\PowerShell\7-preview;C:\WINDOWS\system32;C:\WINDOWS;C:\WINDOWS\System32\Wbem;C:\WINDOWS\System32\WindowsPowerShell\v1.0\;C:\WINDOWS\System32\OpenSSH\;C:\Program Files\Docker\Docker\resources\bin;C:\Program Files\PuTTY\;C:\Program Files\PowerShell\7-preview\preview;C:\Program Files\Microsoft SQL Server\150\Tools\Binn\;C:\Program Files\Microsoft SQL Server\Client SDK\ODBC\170\Tools\Binn\;C:\Program Files\dotnet\;C:\Program Files (x86)\Windows Kits\10\Windows Performance Toolkit\;C:\Program Files\Git\cmd;C:\Users\JoshuaSalcedo\AppData\Local\nvm;C:\nvm4w\nodejs;C:\Users\JoshuaSalcedo\scoop\shims;C:\Users\JoshuaSalcedo\AppData\Local\Programs\oh-my-posh\bin\;C:\Users\JoshuaSalcedo\AppData\Local\Microsoft\WindowsApps;C:\Users\JoshuaSalcedo\.dotnet\tools;C:\Users\JoshuaSalcedo\AppData\Local\Programs\Microsoft VS Code\bin;C:\Users\JoshuaSalcedo\AppData\Local\JetBrains\Toolbox\scripts;C:\Users\JoshuaSalcedo\.sdkman\candidates\java\current\bin;C:\Users\JoshuaSalcedo\.sdkman\candidates\maven\current\bin;C:\Users\JoshuaSalcedo\AppData\Local\nvm;C:\nvm4w\nodejs;C:\Users\JoshuaSalcedo\.pnpm\bin;C:\Users\JoshuaSalcedo\AppData\Local\Microsoft\WinGet\Links;;."/>
    <property name="java.vm.info" value="mixed mode, sharing"/>
    <property name="stderr.encoding" value="Cp1252"/>
    <property name="java.vendor" value="Oracle Corporation"/>
    <property name="java.vm.version" value="24.0.1+9-jvmci-b01"/>
    <property name="sun.io.unicode.encoding" value="UnicodeLittle"/>
    <property name="java.class.version" value="68.0"/>
  </properties>
  <testcase name="testDeleteOldLogs" classname="io.joshuasalcedo.logging.handler.DatabaseHandlerTest" time="0.53"/>
  <testcase name="testLogLevelFiltering" classname="io.joshuasalcedo.logging.handler.DatabaseHandlerTest" time="0.079"/>
  <testcase name="testPublishLog" classname="io.joshuasalcedo.logging.handler.DatabaseHandlerTest" time="0.073"/>
  <testcase name="testSearchByCriteria" classname="io.joshuasalcedo.logging.handler.DatabaseHandlerTest" time="0.064"/>
  <testcase name="testSearchByLoggerName" classname="io.joshuasalcedo.logging.handler.DatabaseHandlerTest" time="0.059"/>
  <testcase name="testPublishLogWithException" classname="io.joshuasalcedo.logging.handler.DatabaseHandlerTest" time="0.06"/>
</testsuite>